Build started 9/6/2018 6:25:52 PM.
     1>Project "E:\GOC HOC TAP\Cong Nghe Thong Tin\HKII\NGON NGU LAP TRINH\C\Leo\Leo\Leo.vcxproj" on node 2 (build target(s)).
     1>InitializeBuildStatus:
         Creating "Debug\Leo.unsuccessfulbuild" because "AlwaysCreate" was specified.
       ClCompile:
         C:\Program Files (x86)\Microsoft Visual Studio 10.0\VC\bin\CL.exe /c /ZI /nologo /W3 /WX- /Od /Oy- /D _MBCS /Gm /EHsc /RTC1 /MDd /GS /fp:precise /Zc:wchar_t /Zc:forScope /Fo"Debug\\" /Fd"Debug\vc100.pdb" /Gd /TP /analyze- /errorReport:prompt homework.cpp
         homework.cpp
     1>e:\goc hoc tap\cong nghe thong tin\hkii\ngon ngu lap trinh\c\leo\leo\homework.cpp(53): warning C4996: 'scanf': This function or variable may be unsafe. Consider using scanf_s instead. To disable deprecation, use _CRT_SECURE_NO_WARNINGS. See online help for details.
                 c:\program files (x86)\microsoft visual studio 10.0\vc\include\stdio.h(304) : see declaration of 'scanf'
     1>e:\goc hoc tap\cong nghe thong tin\hkii\ngon ngu lap trinh\c\leo\leo\homework.cpp(69): warning C4996: 'scanf': This function or variable may be unsafe. Consider using scanf_s instead. To disable deprecation, use _CRT_SECURE_NO_WARNINGS. See online help for details.
                 c:\program files (x86)\microsoft visual studio 10.0\vc\include\stdio.h(304) : see declaration of 'scanf'
       Link:
         C:\Program Files (x86)\Microsoft Visual Studio 10.0\VC\bin\link.exe /ERRORREPORT:PROMPT /OUT:"E:\GOC HOC TAP\Cong Nghe Thong Tin\HKII\NGON NGU LAP TRINH\C\Leo\Debug\Leo.exe" /NOLOGO kernel32.lib user32.lib gdi32.lib winspool.lib comdlg32.lib advapi32.lib shell32.lib ole32.lib oleaut32.lib uuid.lib odbc32.lib odbccp32.lib /MANIFEST /ManifestFile:"Debug\Leo.exe.intermediate.manifest" /MANIFESTUAC:"level='asInvoker' uiAccess='false'" /DEBUG /PDB:"E:\GOC HOC TAP\Cong Nghe Thong Tin\HKII\NGON NGU LAP TRINH\C\Leo\Debug\Leo.pdb" /TLBID:1 /DYNAMICBASE /NXCOMPAT /IMPLIB:"E:\GOC HOC TAP\Cong Nghe Thong Tin\HKII\NGON NGU LAP TRINH\C\Leo\Debug\Leo.lib" /MACHINE:X86 Debug\homework.obj
         LINK : E:\GOC HOC TAP\Cong Nghe Thong Tin\HKII\NGON NGU LAP TRINH\C\Leo\Debug\Leo.exe not found or not built by the last incremental link; performing full link
         Leo.vcxproj -> E:\GOC HOC TAP\Cong Nghe Thong Tin\HKII\NGON NGU LAP TRINH\C\Leo\Debug\Leo.exe
       Manifest:
         C:\Program Files (x86)\Microsoft SDKs\Windows\v7.0A\bin\mt.exe /nologo /verbose /outputresource:"E:\GOC HOC TAP\Cong Nghe Thong Tin\HKII\NGON NGU LAP TRINH\C\Leo\Debug\Leo.exe;#1" /manifest Debug\Leo.exe.intermediate.manifest
       FinalizeBuildStatus:
         Deleting file "Debug\Leo.unsuccessfulbuild".
         Touching "Debug\Leo.lastbuildstate".
     1>Done Building Project "E:\GOC HOC TAP\Cong Nghe Thong Tin\HKII\NGON NGU LAP TRINH\C\Leo\Leo\Leo.vcxproj" (build target(s)).

Build succeeded.

Time Elapsed 00:00:00.69
